2024-10-09T08:57:28.809-06:00  INFO 10776 --- [recargas] [main] c.e.recargas.TelefoniaServiceTest        : Starting TelefoniaServiceTest using Java 17.0.11 with PID 10776 (started by ohne_ in C:\Users\ohne_\git\telefonia\recargas)
2024-10-09T08:57:28.820-06:00  INFO 10776 --- [recargas] [main] c.e.recargas.TelefoniaServiceTest        : No active profile set, falling back to 1 default profile: "default"
2024-10-09T08:57:30.307-06:00  INFO 10776 --- [recargas] [main] .s.d.r.c.RepositoryConfigurationDelegate : Bootstrapping Spring Data JPA repositories in DEFAULT mode.
2024-10-09T08:57:30.443-06:00  INFO 10776 --- [recargas] [main] .s.d.r.c.RepositoryConfigurationDelegate : Finished Spring Data repository scanning in 117 ms. Found 2 JPA repository interfaces.
2024-10-09T08:57:30.791-06:00  INFO 10776 --- [recargas] [main] o.s.cloud.context.scope.GenericScope     : BeanFactory id=87ab571c-b8dd-36f5-9e3d-51281fccf9f4
2024-10-09T08:57:31.404-06:00  INFO 10776 --- [recargas] [main] o.hibernate.jpa.internal.util.LogHelper  : HHH000204: Processing PersistenceUnitInfo [name: default]
2024-10-09T08:57:31.556-06:00  INFO 10776 --- [recargas] [main] org.hibernate.Version                    : HHH000412: Hibernate ORM core version 6.5.3.Final
2024-10-09T08:57:31.641-06:00  INFO 10776 --- [recargas] [main] o.h.c.internal.RegionFactoryInitiator    : HHH000026: Second-level cache disabled
2024-10-09T08:57:32.354-06:00  INFO 10776 --- [recargas] [main] o.s.o.j.p.SpringPersistenceUnitInfo      : No LoadTimeWeaver setup: ignoring JPA class transformer
2024-10-09T08:57:32.417-06:00  INFO 10776 --- [recargas] [main] com.zaxxer.hikari.HikariDataSource       : HikariPool-1 - Starting...
2024-10-09T08:57:33.135-06:00  INFO 10776 --- [recargas] [main] com.zaxxer.hikari.pool.HikariPool        : HikariPool-1 - Added connection com.mysql.cj.jdbc.ConnectionImpl@248d3a
2024-10-09T08:57:33.141-06:00  INFO 10776 --- [recargas] [main] com.zaxxer.hikari.HikariDataSource       : HikariPool-1 - Start completed.
2024-10-09T08:57:34.589-06:00  INFO 10776 --- [recargas] [main] o.h.e.t.j.p.i.JtaPlatformInitiator       : HHH000489: No JTA platform available (set 'hibernate.transaction.jta.platform' to enable JTA platform integration)
2024-10-09T08:57:34.723-06:00  INFO 10776 --- [recargas] [main] j.LocalContainerEntityManagerFactoryBean : Initialized JPA EntityManagerFactory for persistence unit 'default'
2024-10-09T08:57:35.174-06:00  INFO 10776 --- [recargas] [main] o.s.d.j.r.query.QueryEnhancerFactory     : Hibernate is in classpath; If applicable, HQL parser will be used.
2024-10-09T08:57:36.463-06:00  WARN 10776 --- [recargas] [main] JpaBaseConfiguration$JpaWebConfiguration : spring.jpa.open-in-view is enabled by default. Therefore, database queries may be performed during view rendering. Explicitly configure spring.jpa.open-in-view to disable this warning
2024-10-09T08:57:37.995-06:00  INFO 10776 --- [recargas] [main] c.e.recargas.TelefoniaServiceTest        : Started TelefoniaServiceTest in 10.016 seconds (process running for 12.972)
2024-10-09T08:57:39.569-06:00  INFO 10776 --- [recargas] [main] c.e.r.service.TelefoniaServiceImpl       : Request: numeroTelefono: 1234567890 Carrier: TELCEL Monto: 110
2024-10-09T08:57:39.790-06:00  INFO 10776 --- [recargas] [main] c.e.r.service.TelefoniaServiceImpl       : Request: numeroTelefono: 1234567890 Carrier: INVALID_CARRIER Monto: 100
2024-10-09T08:57:39.875-06:00  INFO 10776 --- [recargas] [main] c.e.r.service.TelefoniaServiceImpl       : Request: numeroTelefono: 1234567890 Carrier: MOVISTAR Monto: 100
2024-10-09T08:57:39.885-06:00  INFO 10776 --- [recargas] [main] c.e.r.service.TelefoniaServiceImpl       : Response:  Fecha transacción: 2024-10-09 08:57:39 Número teléfono: 1234567890 IdTransaccion: 2534
2024-10-09T08:57:39.924-06:00  INFO 10776 --- [recargas] [main] c.e.r.service.TelefoniaServiceImpl       : Request: numeroTelefono: 1234567890 Carrier: AT&T Monto: 100
2024-10-09T08:57:39.926-06:00  INFO 10776 --- [recargas] [main] c.e.r.service.TelefoniaServiceImpl       : Response:  Fecha transacción: 2024-10-09 08:57:39 Número teléfono: 1234567890 IdTransaccion: 2115
2024-10-09T08:57:39.985-06:00  INFO 10776 --- [recargas] [main] c.e.r.service.TelefoniaServiceImpl       : Request: numeroTelefono: 1234567890 Carrier: TELCEL Monto: 100
2024-10-09T08:57:39.987-06:00  INFO 10776 --- [recargas] [main] c.e.r.service.TelefoniaServiceImpl       : Response:  Fecha transacción: 2024-10-09 08:57:39 Número teléfono: 1234567890 IdTransaccion: 6991
2024-10-09T08:57:40.077-06:00  INFO 10776 --- [recargas] [main] t.c.s.AnnotationConfigContextLoaderUtils : Could not detect default configuration classes for test class [com.ejercicio.recargas.RecargasApplicationTests]: RecargasApplicationTests does not declare any static, non-private, non-final, nested classes annotated with @Configuration.
2024-10-09T08:57:40.084-06:00  INFO 10776 --- [recargas] [main] .b.t.c.SpringBootTestContextBootstrapper : Found @SpringBootConfiguration com.ejercicio.recargas.RecargasApplication for test class com.ejercicio.recargas.RecargasApplicationTests
2024-10-09T08:57:40.113-06:00  INFO 10776 --- [recargas] [main] t.c.s.AnnotationConfigContextLoaderUtils : Could not detect default configuration classes for test class [com.ejercicio.recargas.TelefoniaControladorTest]: TelefoniaControladorTest does not declare any static, non-private, non-final, nested classes annotated with @Configuration.
2024-10-09T08:57:40.140-06:00  INFO 10776 --- [recargas] [main] .b.t.c.SpringBootTestContextBootstrapper : Found @SpringBootConfiguration com.ejercicio.recargas.RecargasApplication for test class com.ejercicio.recargas.TelefoniaControladorTest
2024-10-09T08:57:40.535-06:00  INFO 10776 --- [recargas] [main] c.e.recargas.TelefoniaControladorTest    : Starting TelefoniaControladorTest using Java 17.0.11 with PID 10776 (started by ohne_ in C:\Users\ohne_\git\telefonia\recargas)
2024-10-09T08:57:40.536-06:00  INFO 10776 --- [recargas] [main] c.e.recargas.TelefoniaControladorTest    : No active profile set, falling back to 1 default profile: "default"
2024-10-09T08:57:40.990-06:00  INFO 10776 --- [recargas] [main] .s.d.r.c.RepositoryConfigurationDelegate : Bootstrapping Spring Data JPA repositories in DEFAULT mode.
2024-10-09T08:57:41.017-06:00  INFO 10776 --- [recargas] [main] .s.d.r.c.RepositoryConfigurationDelegate : Finished Spring Data repository scanning in 26 ms. Found 2 JPA repository interfaces.
2024-10-09T08:57:41.111-06:00  INFO 10776 --- [recargas] [main] o.s.cloud.context.scope.GenericScope     : BeanFactory id=afe4145f-73f3-3b04-b7eb-e6621924ae8d
2024-10-09T08:57:41.272-06:00  INFO 10776 --- [recargas] [main] o.hibernate.jpa.internal.util.LogHelper  : HHH000204: Processing PersistenceUnitInfo [name: default]
2024-10-09T08:57:41.287-06:00  INFO 10776 --- [recargas] [main] o.h.c.internal.RegionFactoryInitiator    : HHH000026: Second-level cache disabled
2024-10-09T08:57:41.319-06:00  INFO 10776 --- [recargas] [main] o.s.o.j.p.SpringPersistenceUnitInfo      : No LoadTimeWeaver setup: ignoring JPA class transformer
2024-10-09T08:57:41.322-06:00  INFO 10776 --- [recargas] [main] com.zaxxer.hikari.HikariDataSource       : HikariPool-2 - Starting...
2024-10-09T08:57:41.401-06:00  INFO 10776 --- [recargas] [main] com.zaxxer.hikari.pool.HikariPool        : HikariPool-2 - Added connection com.mysql.cj.jdbc.ConnectionImpl@69789fec
2024-10-09T08:57:41.402-06:00  INFO 10776 --- [recargas] [main] com.zaxxer.hikari.HikariDataSource       : HikariPool-2 - Start completed.
2024-10-09T08:57:41.586-06:00  INFO 10776 --- [recargas] [main] o.h.e.t.j.p.i.JtaPlatformInitiator       : HHH000489: No JTA platform available (set 'hibernate.transaction.jta.platform' to enable JTA platform integration)
2024-10-09T08:57:41.611-06:00  INFO 10776 --- [recargas] [main] j.LocalContainerEntityManagerFactoryBean : Initialized JPA EntityManagerFactory for persistence unit 'default'
2024-10-09T08:57:41.837-06:00  WARN 10776 --- [recargas] [main] JpaBaseConfiguration$JpaWebConfiguration : spring.jpa.open-in-view is enabled by default. Therefore, database queries may be performed during view rendering. Explicitly configure spring.jpa.open-in-view to disable this warning
2024-10-09T08:57:42.262-06:00  INFO 10776 --- [recargas] [main] o.s.b.t.m.w.SpringBootMockServletContext : Initializing Spring TestDispatcherServlet ''
2024-10-09T08:57:42.262-06:00  INFO 10776 --- [recargas] [main] o.s.t.web.servlet.TestDispatcherServlet  : Initializing Servlet ''
2024-10-09T08:57:42.264-06:00  INFO 10776 --- [recargas] [main] o.s.t.web.servlet.TestDispatcherServlet  : Completed initialization in 2 ms
2024-10-09T08:57:42.557-06:00  INFO 10776 --- [recargas] [main] c.e.recargas.TelefoniaControladorTest    : Started TelefoniaControladorTest in 2.408 seconds (process running for 17.535)
2024-10-09T08:57:43.642-06:00  INFO 10776 --- [recargas] [main] t.c.s.AnnotationConfigContextLoaderUtils : Could not detect default configuration classes for test class [com.ejercicio.recargas.CatalogosControlerTest]: CatalogosControlerTest does not declare any static, non-private, non-final, nested classes annotated with @Configuration.
2024-10-09T08:57:43.648-06:00  INFO 10776 --- [recargas] [main] .b.t.c.SpringBootTestContextBootstrapper : Found @SpringBootConfiguration com.ejercicio.recargas.RecargasApplication for test class com.ejercicio.recargas.CatalogosControlerTest
2024-10-09T08:57:43.887-06:00  INFO 10776 --- [recargas] [SpringApplicationShutdownHook] j.LocalContainerEntityManagerFactoryBean : Closing JPA EntityManagerFactory for persistence unit 'default'
2024-10-09T08:57:43.891-06:00  INFO 10776 --- [recargas] [SpringApplicationShutdownHook] com.zaxxer.hikari.HikariDataSource       : HikariPool-1 - Shutdown initiated...
2024-10-09T08:57:43.910-06:00  INFO 10776 --- [recargas] [SpringApplicationShutdownHook] com.zaxxer.hikari.HikariDataSource       : HikariPool-1 - Shutdown completed.
2024-10-09T08:57:43.917-06:00  INFO 10776 --- [recargas] [SpringApplicationShutdownHook] j.LocalContainerEntityManagerFactoryBean : Closing JPA EntityManagerFactory for persistence unit 'default'
2024-10-09T08:57:43.919-06:00  INFO 10776 --- [recargas] [SpringApplicationShutdownHook] com.zaxxer.hikari.HikariDataSource       : HikariPool-2 - Shutdown initiated...
2024-10-09T08:57:43.935-06:00  INFO 10776 --- [recargas] [SpringApplicationShutdownHook] com.zaxxer.hikari.HikariDataSource       : HikariPool-2 - Shutdown completed.
2024-10-09T08:57:59.237-06:00  INFO 2216 --- [recargas] [main] c.e.recargas.RecargasApplication         : Starting RecargasApplication using Java 17.0.11 with PID 2216 (C:\Users\ohne_\git\telefonia\recargas\target\classes started by ohne_ in C:\Users\ohne_\git\telefonia\recargas)
2024-10-09T08:57:59.240-06:00  INFO 2216 --- [recargas] [main] c.e.recargas.RecargasApplication         : No active profile set, falling back to 1 default profile: "default"
2024-10-09T08:58:00.083-06:00  INFO 2216 --- [recargas] [main] .s.d.r.c.RepositoryConfigurationDelegate : Bootstrapping Spring Data JPA repositories in DEFAULT mode.
2024-10-09T08:58:00.148-06:00  INFO 2216 --- [recargas] [main] .s.d.r.c.RepositoryConfigurationDelegate : Finished Spring Data repository scanning in 57 ms. Found 2 JPA repository interfaces.
2024-10-09T08:58:00.334-06:00  INFO 2216 --- [recargas] [main] o.s.cloud.context.scope.GenericScope     : BeanFactory id=b4bd2eb1-7015-36b3-ba91-6b24a988ca80
2024-10-09T08:58:00.754-06:00  INFO 2216 --- [recargas] [main] o.s.b.w.embedded.tomcat.TomcatWebServer  : Tomcat initialized with port 8080 (http)
2024-10-09T08:58:00.771-06:00  INFO 2216 --- [recargas] [main] o.apache.catalina.core.StandardService   : Starting service [Tomcat]
2024-10-09T08:58:00.772-06:00  INFO 2216 --- [recargas] [main] o.apache.catalina.core.StandardEngine    : Starting Servlet engine: [Apache Tomcat/10.1.30]
2024-10-09T08:58:00.858-06:00  INFO 2216 --- [recargas] [main] o.a.c.c.C.[Tomcat].[localhost].[/]       : Initializing Spring embedded WebApplicationContext
2024-10-09T08:58:00.859-06:00  INFO 2216 --- [recargas] [main] w.s.c.ServletWebServerApplicationContext : Root WebApplicationContext: initialization completed in 1562 ms
2024-10-09T08:58:01.002-06:00  INFO 2216 --- [recargas] [main] o.hibernate.jpa.internal.util.LogHelper  : HHH000204: Processing PersistenceUnitInfo [name: default]
2024-10-09T08:58:01.053-06:00  INFO 2216 --- [recargas] [main] org.hibernate.Version                    : HHH000412: Hibernate ORM core version 6.5.3.Final
2024-10-09T08:58:01.085-06:00  INFO 2216 --- [recargas] [main] o.h.c.internal.RegionFactoryInitiator    : HHH000026: Second-level cache disabled
2024-10-09T08:58:01.338-06:00  INFO 2216 --- [recargas] [main] o.s.o.j.p.SpringPersistenceUnitInfo      : No LoadTimeWeaver setup: ignoring JPA class transformer
2024-10-09T08:58:01.363-06:00  INFO 2216 --- [recargas] [main] com.zaxxer.hikari.HikariDataSource       : HikariPool-1 - Starting...
2024-10-09T08:58:01.670-06:00  INFO 2216 --- [recargas] [main] com.zaxxer.hikari.pool.HikariPool        : HikariPool-1 - Added connection com.mysql.cj.jdbc.ConnectionImpl@13c90c06
2024-10-09T08:58:01.673-06:00  INFO 2216 --- [recargas] [main] com.zaxxer.hikari.HikariDataSource       : HikariPool-1 - Start completed.
2024-10-09T08:58:02.482-06:00  INFO 2216 --- [recargas] [main] o.h.e.t.j.p.i.JtaPlatformInitiator       : HHH000489: No JTA platform available (set 'hibernate.transaction.jta.platform' to enable JTA platform integration)
2024-10-09T08:58:02.534-06:00  INFO 2216 --- [recargas] [main] j.LocalContainerEntityManagerFactoryBean : Initialized JPA EntityManagerFactory for persistence unit 'default'
2024-10-09T08:58:02.744-06:00  INFO 2216 --- [recargas] [main] o.s.d.j.r.query.QueryEnhancerFactory     : Hibernate is in classpath; If applicable, HQL parser will be used.
2024-10-09T08:58:03.429-06:00  WARN 2216 --- [recargas] [main] JpaBaseConfiguration$JpaWebConfiguration : spring.jpa.open-in-view is enabled by default. Therefore, database queries may be performed during view rendering. Explicitly configure spring.jpa.open-in-view to disable this warning
2024-10-09T08:58:04.168-06:00  INFO 2216 --- [recargas] [main] o.s.b.w.embedded.tomcat.TomcatWebServer  : Tomcat started on port 8080 (http) with context path '/'
2024-10-09T08:58:04.351-06:00  INFO 2216 --- [recargas] [main] c.e.recargas.RecargasApplication         : Started RecargasApplication in 5.933 seconds (process running for 6.779)
2024-10-09T08:59:16.827-06:00  INFO 2216 --- [recargas] [RMI TCP Connection(10)-127.0.0.1] inMXBeanRegistrar$SpringApplicationAdmin : Application shutdown requested.
2024-10-09T08:59:17.148-06:00  INFO 2216 --- [recargas] [RMI TCP Connection(10)-127.0.0.1] j.LocalContainerEntityManagerFactoryBean : Closing JPA EntityManagerFactory for persistence unit 'default'
2024-10-09T08:59:17.150-06:00  INFO 2216 --- [recargas] [RMI TCP Connection(10)-127.0.0.1] com.zaxxer.hikari.HikariDataSource       : HikariPool-1 - Shutdown initiated...
2024-10-09T08:59:17.163-06:00  INFO 2216 --- [recargas] [RMI TCP Connection(10)-127.0.0.1] com.zaxxer.hikari.HikariDataSource       : HikariPool-1 - Shutdown completed.
2024-10-09T08:59:37.752-06:00  INFO 3948 --- [recargas] [main] c.e.recargas.RecargasApplication         : Starting RecargasApplication using Java 17.0.11 with PID 3948 (C:\Users\ohne_\git\telefonia\recargas\target\classes started by ohne_ in C:\Users\ohne_\git\telefonia\recargas)
2024-10-09T08:59:37.756-06:00  INFO 3948 --- [recargas] [main] c.e.recargas.RecargasApplication         : No active profile set, falling back to 1 default profile: "default"
2024-10-09T08:59:38.617-06:00  INFO 3948 --- [recargas] [main] .s.d.r.c.RepositoryConfigurationDelegate : Bootstrapping Spring Data JPA repositories in DEFAULT mode.
2024-10-09T08:59:38.682-06:00  INFO 3948 --- [recargas] [main] .s.d.r.c.RepositoryConfigurationDelegate : Finished Spring Data repository scanning in 56 ms. Found 2 JPA repository interfaces.
2024-10-09T08:59:38.862-06:00  INFO 3948 --- [recargas] [main] o.s.cloud.context.scope.GenericScope     : BeanFactory id=d76767b1-dff9-349c-8cca-151d6b1e3bc7
2024-10-09T08:59:39.271-06:00  INFO 3948 --- [recargas] [main] o.s.b.w.embedded.tomcat.TomcatWebServer  : Tomcat initialized with port 8080 (http)
2024-10-09T08:59:39.286-06:00  INFO 3948 --- [recargas] [main] o.apache.catalina.core.StandardService   : Starting service [Tomcat]
2024-10-09T08:59:39.287-06:00  INFO 3948 --- [recargas] [main] o.apache.catalina.core.StandardEngine    : Starting Servlet engine: [Apache Tomcat/10.1.30]
2024-10-09T08:59:39.371-06:00  INFO 3948 --- [recargas] [main] o.a.c.c.C.[Tomcat].[localhost].[/]       : Initializing Spring embedded WebApplicationContext
2024-10-09T08:59:39.372-06:00  INFO 3948 --- [recargas] [main] w.s.c.ServletWebServerApplicationContext : Root WebApplicationContext: initialization completed in 1557 ms
2024-10-09T08:59:39.536-06:00  INFO 3948 --- [recargas] [main] o.hibernate.jpa.internal.util.LogHelper  : HHH000204: Processing PersistenceUnitInfo [name: default]
2024-10-09T08:59:39.592-06:00  INFO 3948 --- [recargas] [main] org.hibernate.Version                    : HHH000412: Hibernate ORM core version 6.5.3.Final
2024-10-09T08:59:39.626-06:00  INFO 3948 --- [recargas] [main] o.h.c.internal.RegionFactoryInitiator    : HHH000026: Second-level cache disabled
2024-10-09T08:59:39.890-06:00  INFO 3948 --- [recargas] [main] o.s.o.j.p.SpringPersistenceUnitInfo      : No LoadTimeWeaver setup: ignoring JPA class transformer
2024-10-09T08:59:39.919-06:00  INFO 3948 --- [recargas] [main] com.zaxxer.hikari.HikariDataSource       : HikariPool-1 - Starting...
2024-10-09T08:59:40.235-06:00  INFO 3948 --- [recargas] [main] com.zaxxer.hikari.pool.HikariPool        : HikariPool-1 - Added connection com.mysql.cj.jdbc.ConnectionImpl@31693a86
2024-10-09T08:59:40.237-06:00  INFO 3948 --- [recargas] [main] com.zaxxer.hikari.HikariDataSource       : HikariPool-1 - Start completed.
2024-10-09T08:59:41.096-06:00  INFO 3948 --- [recargas] [main] o.h.e.t.j.p.i.JtaPlatformInitiator       : HHH000489: No JTA platform available (set 'hibernate.transaction.jta.platform' to enable JTA platform integration)
2024-10-09T08:59:41.141-06:00  INFO 3948 --- [recargas] [main] j.LocalContainerEntityManagerFactoryBean : Initialized JPA EntityManagerFactory for persistence unit 'default'
2024-10-09T08:59:41.346-06:00  INFO 3948 --- [recargas] [main] o.s.d.j.r.query.QueryEnhancerFactory     : Hibernate is in classpath; If applicable, HQL parser will be used.
2024-10-09T08:59:42.007-06:00  WARN 3948 --- [recargas] [main] ConfigServletWebServerApplicationContext : Exception encountered during context initialization - cancelling refresh attempt: org.springframework.beans.factory.UnsatisfiedDependencyException: Error creating bean with name 'telefoniaControlador': Unsatisfied dependency expressed through field 'telefoniaService': Error creating bean with name 'telefoniaServiceImpl': Unsatisfied dependency expressed through field 'telcelFeignClient': No qualifying bean of type 'com.ejercicio.recargas.feing.TelcelFeignClient' available: expected at least 1 bean which qualifies as autowire candidate. Dependency annotations: {@org.springframework.beans.factory.annotation.Autowired(required=true)}
2024-10-09T08:59:42.007-06:00  INFO 3948 --- [recargas] [main] j.LocalContainerEntityManagerFactoryBean : Closing JPA EntityManagerFactory for persistence unit 'default'
2024-10-09T08:59:42.009-06:00  INFO 3948 --- [recargas] [main] com.zaxxer.hikari.HikariDataSource       : HikariPool-1 - Shutdown initiated...
2024-10-09T08:59:42.019-06:00  INFO 3948 --- [recargas] [main] com.zaxxer.hikari.HikariDataSource       : HikariPool-1 - Shutdown completed.
2024-10-09T08:59:42.021-06:00  INFO 3948 --- [recargas] [main] o.apache.catalina.core.StandardService   : Stopping service [Tomcat]
2024-10-09T08:59:42.040-06:00  INFO 3948 --- [recargas] [main] .s.b.a.l.ConditionEvaluationReportLogger : 

Error starting ApplicationContext. To display the condition evaluation report re-run your application with 'debug' enabled.
2024-10-09T08:59:42.069-06:00 ERROR 3948 --- [recargas] [main] o.s.b.d.LoggingFailureAnalysisReporter   : 

***************************
APPLICATION FAILED TO START
***************************

Description:

Field telcelFeignClient in com.ejercicio.recargas.service.TelefoniaServiceImpl required a bean of type 'com.ejercicio.recargas.feing.TelcelFeignClient' that could not be found.

The injection point has the following annotations:
	- @org.springframework.beans.factory.annotation.Autowired(required=true)


Action:

Consider defining a bean of type 'com.ejercicio.recargas.feing.TelcelFeignClient' in your configuration.

2024-10-09T09:00:19.248-06:00  INFO 11192 --- [recargas] [main] c.e.recargas.RecargasApplication         : Starting RecargasApplication using Java 17.0.11 with PID 11192 (C:\Users\ohne_\git\telefonia\recargas\target\classes started by ohne_ in C:\Users\ohne_\git\telefonia\recargas)
2024-10-09T09:00:19.250-06:00  INFO 11192 --- [recargas] [main] c.e.recargas.RecargasApplication         : No active profile set, falling back to 1 default profile: "default"
2024-10-09T09:00:20.105-06:00  INFO 11192 --- [recargas] [main] .s.d.r.c.RepositoryConfigurationDelegate : Bootstrapping Spring Data JPA repositories in DEFAULT mode.
2024-10-09T09:00:20.173-06:00  INFO 11192 --- [recargas] [main] .s.d.r.c.RepositoryConfigurationDelegate : Finished Spring Data repository scanning in 58 ms. Found 2 JPA repository interfaces.
2024-10-09T09:00:20.345-06:00  INFO 11192 --- [recargas] [main] o.s.cloud.context.scope.GenericScope     : BeanFactory id=d76767b1-dff9-349c-8cca-151d6b1e3bc7
2024-10-09T09:00:20.698-06:00  INFO 11192 --- [recargas] [main] o.s.b.w.embedded.tomcat.TomcatWebServer  : Tomcat initialized with port 8080 (http)
2024-10-09T09:00:20.710-06:00  INFO 11192 --- [recargas] [main] o.apache.catalina.core.StandardService   : Starting service [Tomcat]
2024-10-09T09:00:20.711-06:00  INFO 11192 --- [recargas] [main] o.apache.catalina.core.StandardEngine    : Starting Servlet engine: [Apache Tomcat/10.1.30]
2024-10-09T09:00:20.773-06:00  INFO 11192 --- [recargas] [main] o.a.c.c.C.[Tomcat].[localhost].[/]       : Initializing Spring embedded WebApplicationContext
2024-10-09T09:00:20.774-06:00  INFO 11192 --- [recargas] [main] w.s.c.ServletWebServerApplicationContext : Root WebApplicationContext: initialization completed in 1460 ms
2024-10-09T09:00:20.928-06:00  INFO 11192 --- [recargas] [main] o.hibernate.jpa.internal.util.LogHelper  : HHH000204: Processing PersistenceUnitInfo [name: default]
2024-10-09T09:00:21.000-06:00  INFO 11192 --- [recargas] [main] org.hibernate.Version                    : HHH000412: Hibernate ORM core version 6.5.3.Final
2024-10-09T09:00:21.050-06:00  INFO 11192 --- [recargas] [main] o.h.c.internal.RegionFactoryInitiator    : HHH000026: Second-level cache disabled
2024-10-09T09:00:21.314-06:00  INFO 11192 --- [recargas] [main] o.s.o.j.p.SpringPersistenceUnitInfo      : No LoadTimeWeaver setup: ignoring JPA class transformer
2024-10-09T09:00:21.337-06:00  INFO 11192 --- [recargas] [main] com.zaxxer.hikari.HikariDataSource       : HikariPool-1 - Starting...
2024-10-09T09:00:21.632-06:00  INFO 11192 --- [recargas] [main] com.zaxxer.hikari.pool.HikariPool        : HikariPool-1 - Added connection com.mysql.cj.jdbc.ConnectionImpl@64757d56
2024-10-09T09:00:21.635-06:00  INFO 11192 --- [recargas] [main] com.zaxxer.hikari.HikariDataSource       : HikariPool-1 - Start completed.
2024-10-09T09:00:22.446-06:00  INFO 11192 --- [recargas] [main] o.h.e.t.j.p.i.JtaPlatformInitiator       : HHH000489: No JTA platform available (set 'hibernate.transaction.jta.platform' to enable JTA platform integration)
2024-10-09T09:00:22.491-06:00  INFO 11192 --- [recargas] [main] j.LocalContainerEntityManagerFactoryBean : Initialized JPA EntityManagerFactory for persistence unit 'default'
2024-10-09T09:00:22.701-06:00  INFO 11192 --- [recargas] [main] o.s.d.j.r.query.QueryEnhancerFactory     : Hibernate is in classpath; If applicable, HQL parser will be used.
2024-10-09T09:00:23.320-06:00  WARN 11192 --- [recargas] [main] JpaBaseConfiguration$JpaWebConfiguration : spring.jpa.open-in-view is enabled by default. Therefore, database queries may be performed during view rendering. Explicitly configure spring.jpa.open-in-view to disable this warning
2024-10-09T09:00:23.944-06:00  INFO 11192 --- [recargas] [main] o.s.b.w.embedded.tomcat.TomcatWebServer  : Tomcat started on port 8080 (http) with context path '/'
2024-10-09T09:00:24.130-06:00  INFO 11192 --- [recargas] [main] c.e.recargas.RecargasApplication         : Started RecargasApplication in 5.566 seconds (process running for 6.299)
2024-10-09T09:00:49.522-06:00  INFO 11192 --- [recargas] [http-nio-8080-exec-1] o.a.c.c.C.[Tomcat].[localhost].[/]       : Initializing Spring DispatcherServlet 'dispatcherServlet'
2024-10-09T09:00:49.523-06:00  INFO 11192 --- [recargas] [http-nio-8080-exec-1] o.s.web.servlet.DispatcherServlet        : Initializing Servlet 'dispatcherServlet'
2024-10-09T09:00:49.525-06:00  INFO 11192 --- [recargas] [http-nio-8080-exec-1] o.s.web.servlet.DispatcherServlet        : Completed initialization in 2 ms
2024-10-09T09:01:01.136-06:00  INFO 11192 --- [recargas] [http-nio-8080-exec-3] c.e.r.service.TelefoniaServiceImpl       : Request: numeroTelefono: 1234567893 Carrier: TELCEL Monto: 110
2024-10-09T09:01:07.994-06:00  INFO 11192 --- [recargas] [http-nio-8080-exec-4] c.e.r.service.TelefoniaServiceImpl       : Request: numeroTelefono: 1234567893 Carrier: TELCEL Monto: 10
2024-10-09T09:01:08.165-06:00  INFO 11192 --- [recargas] [http-nio-8080-exec-4] c.e.r.service.TelefoniaServiceImpl       : Response:  Fecha transacción: 2024-10-09 09:01:08 Número teléfono: 1234567893 IdTransaccion: 1262
